<?xml version="1.0" encoding="UTF-8"?>
<!-- Generated by org.testng.reporters.JUnitReportReporter -->
<testsuite hostname="SSC1-W217" name="helloworld.TestHelloWorld" tests="1" failures="0" timestamp="5 Jun 2014 06:22:48 GMT" time="0.012" errors="0">
  <testcase name="testEmailGenerator" time="0.012" classname="helloworld.TestHelloWorld"/>
</testsuite> <!-- helloworld.TestHelloWorld -->
