<?xml version="1.0" encoding="UTF-8"?>
<!-- Generated by org.testng.reporters.JUnitReportReporter -->
<testsuite hostname="SSC1-W217" name="tutorial8.dependency.TestServer" tests="2" failures="0" timestamp="11 Jun 2014 08:43:40 GMT" time="0.013" errors="0">
  <testcase name="deployBackUpServer" time="0.000" classname="tutorial8.dependency.TestServer"/>
  <testcase name="deployServer" time="0.013" classname="tutorial8.dependency.TestServer"/>
</testsuite> <!-- tutorial8.dependency.TestServer -->
