<?xml version="1.0" encoding="UTF-8"?>
<!-- Generated by org.testng.reporters.JUnitReportReporter -->
<testsuite hostname="SSC1-W217" name="tutorial7.classes.TestDatabase" tests="4" failures="0" timestamp="11 Jun 2014 06:11:53 GMT" time="0.013" errors="0">
  <testcase name="testConnectMySQL" time="0.001" classname="tutorial7.classes.TestDatabase"/>
  <testcase name="testConnectOracle" time="0.001" classname="tutorial7.classes.TestDatabase"/>
  <testcase name="testConnectMsSQL" time="0.001" classname="tutorial7.classes.TestDatabase"/>
  <testcase name="testConnectMongoDB" time="0.010" classname="tutorial7.classes.TestDatabase"/>
</testsuite> <!-- tutorial7.classes.TestDatabase -->
