<?xml version="1.0" encoding="UTF-8"?>
<!-- Generated by org.testng.reporters.JUnitReportReporter -->
<testsuite hostname="SSC1-W217" name="tutorial1.helloworld.TestHelloWorld" tests="1" failures="0" timestamp="19 Jun 2014 01:43:50 GMT" time="0.022" errors="0">
  <testcase name="testEmailGenerator" time="0.022" classname="tutorial1.helloworld.TestHelloWorld"/>
</testsuite> <!-- tutorial1.helloworld.TestHelloWorld -->
