<?xml version="1.0" encoding="UTF-8"?>
<!-- Generated by org.testng.reporters.JUnitReportReporter -->
<testsuite hostname="SSC1-W217" name="tutorial6.group.TestGroup" tests="5" failures="0" timestamp="11 Jun 2014 02:29:38 GMT" time="0.052" errors="0">
  <testcase name="testConnectOracle" time="0.000" classname="tutorial6.group.TestGroup"/>
  <testcase name="runSelenium1" time="0.001" classname="tutorial6.group.TestGroup"/>
  <testcase name="runFinal" time="0.000" classname="tutorial6.group.TestGroup"/>
  <testcase name="runSelenium" time="0.051" classname="tutorial6.group.TestGroup"/>
  <testcase name="testConnectMsSQL" time="0.000" classname="tutorial6.group.TestGroup"/>
</testsuite> <!-- tutorial6.group.TestGroup -->
