<?xml version="1.0" encoding="UTF-8"?>
<!-- Generated by org.testng.reporters.JUnitReportReporter -->
<testsuite hostname="SSC1-W217" name="tutorial7.classes.TestOrder" tests="4" failures="0" timestamp="11 Jun 2014 06:45:32 GMT" time="0.012" errors="0">
  <testcase name="testUpdateOrder" time="0.001" classname="tutorial7.classes.TestOrder"/>
  <testcase name="testMakeOrder" time="0.001" classname="tutorial7.classes.TestOrder"/>
  <testcase name="testFindOrder" time="0.010" classname="tutorial7.classes.TestOrder"/>
  <testcase name="testMakeEmptyOrder" time="0.000" classname="tutorial7.classes.TestOrder"/>
</testsuite> <!-- tutorial7.classes.TestOrder -->
