<?xml version="1.0" encoding="UTF-8"?>
<!-- Generated by org.testng.reporters.JUnitReportReporter -->
<testsuite hostname="SSC1-W217" name="tutorial2.annotations.TestConfiguration" tests="2" failures="0" timestamp="19 Jun 2014 05:22:04 GMT" time="0.004" errors="0">
  <testcase name="runTest1" time="0.004" classname="tutorial2.annotations.TestConfiguration"/>
  <testcase name="runTest2" time="0.000" classname="tutorial2.annotations.TestConfiguration"/>
</testsuite> <!-- tutorial2.annotations.TestConfiguration -->
