<?xml version="1.0" encoding="UTF-8"?>
<!-- Generated by org.testng.reporters.JUnitReportReporter -->
<testsuite hostname="SSC1-W217" name="tutorial3.exception.TestCheckedException" tests="2" failures="0" timestamp="9 Jun 2014 02:21:26 GMT" time="0.008" errors="0">
  <testcase name="throwIfOrderIsNotExists" time="0.007" classname="tutorial3.exception.TestCheckedException"/>
  <testcase name="throwIfOrderIsNull" time="0.001" classname="tutorial3.exception.TestCheckedException"/>
</testsuite> <!-- tutorial3.exception.TestCheckedException -->
