<?xml version="1.0" encoding="UTF-8"?>
<!-- Generated by org.testng.reporters.JUnitReportReporter -->
<testsuite hostname="SSC1-W217" name="tutorial2.annotations.TestDBConnection" tests="4" failures="0" timestamp="19 Jun 2014 05:22:04 GMT" time="0.002" errors="0">
  <testcase name="runOtherTest1" time="0.001" classname="tutorial2.annotations.TestDBConnection"/>
  <testcase name="runOtherTest2" time="0.000" classname="tutorial2.annotations.TestDBConnection"/>
  <testcase name="runOtherTest2" time="0.001" classname="tutorial2.annotations.TestDBConnection"/>
  <testcase name="runOtherTest1" time="0.000" classname="tutorial2.annotations.TestDBConnection"/>
</testsuite> <!-- tutorial2.annotations.TestDBConnection -->
